device used: cuda
-------------------------
Fold 0
successfully create ./../log/tensorboard/fold 0
successfully create ./../log/checkpoint/fold 0
---------------
Start training for model resnet50 in fold 0/5:
Epoch 0/10: Loss train : 2.3768129348754883
Loss val: 1842.5465. Accuracy: 0.4046
Best model found at epoch 0. Accuracy: 0.4046
Epoch 1/10: Loss train : 1.1279508333939772
Loss val: 1.2909. Accuracy: 0.4605
Best model found at epoch 1. Accuracy: 0.4605
Epoch 2/10: Loss train : 1.0561722975510817
Loss val: 1.0394. Accuracy: 0.5030
Best model found at epoch 2. Accuracy: 0.5030
Epoch 3/10: Loss train : 1.005641765319384
Loss val: 1.0044. Accuracy: 0.5140
Best model found at epoch 3. Accuracy: 0.5140
Epoch 4/10: Loss train : 0.9568928571847769
Loss val: 1.4756. Accuracy: 0.5237
Best model found at epoch 4. Accuracy: 0.5237
Epoch 5/10: Loss train : 0.9392575988402734
Loss val: 1.6148. Accuracy: 0.4787
Epoch 6/10: Loss train : 0.9111328881520492
Loss val: 0.9981. Accuracy: 0.5395
Best model found at epoch 6. Accuracy: 0.5395
Epoch 7/10: Loss train : 0.884322675374838
Loss val: 1.0110. Accuracy: 0.5468
Best model found at epoch 7. Accuracy: 0.5468
Epoch 8/10: Loss train : 0.8816691384865687
Loss val: 0.9934. Accuracy: 0.5869
Best model found at epoch 8. Accuracy: 0.5869
Epoch 9/10: Loss train : 0.8691231585465945
Loss val: 1.0030. Accuracy: 0.5419
---------------
Start training for model resnet18 in fold 0/5:
Epoch 0/10: Loss train : 1.390418754174159
Loss val: 298.8422. Accuracy: 0.3633
Best model found at epoch 0. Accuracy: 0.3633
Epoch 1/10: Loss train : 1.0991430626465724
Loss val: 1.2291. Accuracy: 0.4022
Best model found at epoch 1. Accuracy: 0.4022
Epoch 2/10: Loss train : 0.9968432417282691
Loss val: 1.2450. Accuracy: 0.5334
Best model found at epoch 2. Accuracy: 0.5334
Epoch 3/10: Loss train : 0.9285701513290405
Loss val: 1.0294. Accuracy: 0.5431
Best model found at epoch 3. Accuracy: 0.5431
Epoch 4/10: Loss train : 0.9514035284519196
Loss val: 1.0534. Accuracy: 0.4921
Epoch 5/10: Loss train : 0.8938664197921753
Loss val: 1.9293. Accuracy: 0.4228
Epoch 6/10: Loss train : 0.8724428529922779
Loss val: 0.9646. Accuracy: 0.5589
Best model found at epoch 6. Accuracy: 0.5589
Epoch 7/10: Loss train : 0.8350935738820296
Loss val: 1.4478. Accuracy: 0.4326
Epoch 8/10: Loss train : 0.8016266364317673
Loss val: 1.0411. Accuracy: 0.5905
Best model found at epoch 8. Accuracy: 0.5905
Epoch 9/10: Loss train : 0.7949518011166499
Loss val: 1.1764. Accuracy: 0.5978
Best model found at epoch 9. Accuracy: 0.5978
---------------
Start training for model efficientnet_v2_s in fold 0/5:
Epoch 0/10: Loss train : 1.2378734648227692
Loss val: 1.5410. Accuracy: 0.3840
Best model found at epoch 0. Accuracy: 0.3840
Epoch 1/10: Loss train : 1.0661108493804932
Loss val: 1.4685. Accuracy: 0.4411
Best model found at epoch 1. Accuracy: 0.4411
Epoch 2/10: Loss train : 1.0611166816491346
Loss val: 1.1814. Accuracy: 0.4739
Best model found at epoch 2. Accuracy: 0.4739
Epoch 3/10: Loss train : 1.0381377981259272
Loss val: 1.0945. Accuracy: 0.4751
Best model found at epoch 3. Accuracy: 0.4751
Epoch 4/10: Loss train : 1.0366380856587336
Loss val: 1.2129. Accuracy: 0.4739
Epoch 5/10: Loss train : 1.0466288580344274
Loss val: 1.0596. Accuracy: 0.4739
Epoch 6/10: Loss train : 1.0047000692440913
Loss val: 1.0423. Accuracy: 0.4168
Epoch 7/10: Loss train : 0.9940933631016657
Loss val: 1.0944. Accuracy: 0.4459
Epoch 8/10: Loss train : 0.9905537458566519
Loss val: 1.0465. Accuracy: 0.4787
Best model found at epoch 8. Accuracy: 0.4787
Epoch 9/10: Loss train : 0.9869557000123538
Loss val: 1.1571. Accuracy: 0.4775
---------------
Start training for model inception_v3 in fold 0/5:
Epoch 0/10: Loss train : 1.5000435159756587
Loss val: 1173.6501. Accuracy: 0.4532
Best model found at epoch 0. Accuracy: 0.4532
Epoch 1/10: Loss train : 1.1951267077372625
Loss val: 1.1256. Accuracy: 0.4301
Epoch 2/10: Loss train : 1.0733404732667482
Loss val: 1.2491. Accuracy: 0.4714
Best model found at epoch 2. Accuracy: 0.4714
Epoch 3/10: Loss train : 1.066962093114853
Loss val: 1.1616. Accuracy: 0.4775
Best model found at epoch 3. Accuracy: 0.4775
Epoch 4/10: Loss train : 1.004038849702248
Loss val: 1.1749. Accuracy: 0.4909
Best model found at epoch 4. Accuracy: 0.4909
Epoch 5/10: Loss train : 1.04717349089109
Loss val: 1.3528. Accuracy: 0.4666
Epoch 6/10: Loss train : 1.118310435460164
Loss val: 1.0866. Accuracy: 0.4727
Epoch 7/10: Loss train : 1.090559253325829
Loss val: 1.0924. Accuracy: 0.4739
Epoch 8/10: Loss train : 1.0549438847945287
Loss val: 1.1384. Accuracy: 0.4848
Epoch 9/10: Loss train : 1.0161923743211305
Loss val: 1.0850. Accuracy: 0.5152
Best model found at epoch 9. Accuracy: 0.5152
---------------
Start training for model mobilenet_v2 in fold 0/5:
Epoch 0/10: Loss train : 1.4462801057558794
Loss val: 2.1601. Accuracy: 0.4751
Best model found at epoch 0. Accuracy: 0.4751
Epoch 1/10: Loss train : 0.9700908133616815
Loss val: 1.2302. Accuracy: 0.4714
Epoch 2/10: Loss train : 0.92175260415444
Loss val: 1.0518. Accuracy: 0.5626
Best model found at epoch 2. Accuracy: 0.5626
Epoch 3/10: Loss train : 0.8677423390058371
Loss val: 0.9450. Accuracy: 0.5808
Best model found at epoch 3. Accuracy: 0.5808
Epoch 4/10: Loss train : 0.8468460096762731
Loss val: 1.0258. Accuracy: 0.5529
Epoch 5/10: Loss train : 0.774725432579334
Loss val: 0.9903. Accuracy: 0.5589
Epoch 6/10: Loss train : 0.7684466930536124
Loss val: 1.1647. Accuracy: 0.5018
Epoch 7/10: Loss train : 0.7495802755539234
Loss val: 1.3866. Accuracy: 0.4520
Epoch 8/10: Loss train : 0.6898023463212527
Loss val: 1.0644. Accuracy: 0.5808
Epoch 9/10: Loss train : 0.6942657140585092
Loss val: 1.2173. Accuracy: 0.5067
---------------
Start training for model alexnet in fold 0/5:
Epoch 0/10: Loss train : 111016.45945971746
Loss val: 1.0940. Accuracy: 0.4751
Best model found at epoch 0. Accuracy: 0.4751
Epoch 1/10: Loss train : 1.0955410508009105
Loss val: 1.0730. Accuracy: 0.4751
Epoch 2/10: Loss train : 1.0154162461941059
Loss val: 1.0687. Accuracy: 0.4751
Epoch 3/10: Loss train : 1.0184841270630176
Loss val: 1.0766. Accuracy: 0.4751
Epoch 4/10: Loss train : 1.0127897560596466
Loss val: 1.0860. Accuracy: 0.4751
Epoch 5/10: Loss train : 1.0132170846829047
Loss val: 1.0778. Accuracy: 0.4751
Epoch 6/10: Loss train : 1.015069333406595
Loss val: 1.0755. Accuracy: 0.4751
Epoch 7/10: Loss train : 1.016326633783487
Loss val: 1.0732. Accuracy: 0.4751
Epoch 8/10: Loss train : 1.012188413968453
Loss val: 1.0871. Accuracy: 0.4751
Epoch 9/10: Loss train : 1.0145483314990997
Loss val: 1.0714. Accuracy: 0.4751
---------------
Start training for model densenet121 in fold 0/5:
Epoch 0/10: Loss train : 1.3798548097793872
Loss val: 94.0370. Accuracy: 0.4678
Best model found at epoch 0. Accuracy: 0.4678
Epoch 1/10: Loss train : 1.09141606092453
Loss val: 8.9826. Accuracy: 0.4812
Best model found at epoch 1. Accuracy: 0.4812
Epoch 2/10: Loss train : 0.9660368149097149
Loss val: 1.4368. Accuracy: 0.5261
Best model found at epoch 2. Accuracy: 0.5261
Epoch 3/10: Loss train : 0.9413228378846095
Loss val: 2.9711. Accuracy: 0.5213
Epoch 4/10: Loss train : 0.9228313496479621
Loss val: 0.9767. Accuracy: 0.5431
Best model found at epoch 4. Accuracy: 0.5431
Epoch 5/10: Loss train : 0.8920524441278898
Loss val: 1.0761. Accuracy: 0.5030
Epoch 6/10: Loss train : 0.8775915686900799
Loss val: 1.0345. Accuracy: 0.5930
Best model found at epoch 6. Accuracy: 0.5930
Epoch 7/10: Loss train : 0.8622067891634427
Loss val: 1.0428. Accuracy: 0.5310
Epoch 8/10: Loss train : 0.8584857078698965
Loss val: 0.9988. Accuracy: 0.5626
Epoch 9/10: Loss train : 0.8279048915092762
Loss val: 1.1143. Accuracy: 0.5723
---------------
Start training for model mobilenet_v3_large in fold 0/5:
Epoch 0/10: Loss train : 1.67973098388085
Loss val: 4.9166. Accuracy: 0.3670
Best model found at epoch 0. Accuracy: 0.3670
Epoch 1/10: Loss train : 1.0437269096191113
Loss val: 1.2539. Accuracy: 0.3670
Epoch 2/10: Loss train : 0.9920600492220658
Loss val: 1.3255. Accuracy: 0.3670
Epoch 3/10: Loss train : 0.9461016861292032
Loss val: 1.3961. Accuracy: 0.4751
Best model found at epoch 3. Accuracy: 0.4751
Epoch 4/10: Loss train : 0.9137695248310382
Loss val: 1.3967. Accuracy: 0.4751
Epoch 5/10: Loss train : 0.8744089534649482
Loss val: 1.5233. Accuracy: 0.4751
Epoch 6/10: Loss train : 0.8568199483247904
Loss val: 1.6965. Accuracy: 0.4751
Epoch 7/10: Loss train : 0.8577477198380691
Loss val: 1.2465. Accuracy: 0.4751
Epoch 8/10: Loss train : 0.8255894344586593
Loss val: 1.4631. Accuracy: 0.4751
Epoch 9/10: Loss train : 0.8159958811906668
Loss val: 1.3932. Accuracy: 0.4800
Best model found at epoch 9. Accuracy: 0.4800
---------------
Start training for model resnext50_32x4d in fold 0/5:
Epoch 0/10: Loss train : 2.0958742040854235
Loss val: 13056.1529. Accuracy: 0.2515
Best model found at epoch 0. Accuracy: 0.2515
Epoch 1/10: Loss train : 1.3798758250016432
Loss val: 9.5208. Accuracy: 0.4751
Best model found at epoch 1. Accuracy: 0.4751
Epoch 2/10: Loss train : 1.0627010785616362
Loss val: 1.0446. Accuracy: 0.4787
Best model found at epoch 2. Accuracy: 0.4787
Epoch 3/10: Loss train : 0.99839681157699
Loss val: 1.0414. Accuracy: 0.5188
Best model found at epoch 3. Accuracy: 0.5188
Epoch 4/10: Loss train : 0.9661029462630932
Loss val: 1.0780. Accuracy: 0.5322
Best model found at epoch 4. Accuracy: 0.5322
Epoch 5/10: Loss train : 0.9150601327419281
Loss val: 0.9749. Accuracy: 0.5176
Epoch 6/10: Loss train : 0.917714712711481
Loss val: 1.0901. Accuracy: 0.5504
Best model found at epoch 6. Accuracy: 0.5504
Epoch 7/10: Loss train : 0.8817739119896522
Loss val: 1.1031. Accuracy: 0.5200
Epoch 8/10: Loss train : 0.875058997135896
Loss val: 1.0773. Accuracy: 0.5541
Best model found at epoch 8. Accuracy: 0.5541
Epoch 9/10: Loss train : 0.8472139170536628
Loss val: 0.9572. Accuracy: 0.5711
Best model found at epoch 9. Accuracy: 0.5711
---------------
Start training for model regnet_y_400mf in fold 0/5:
Epoch 0/10: Loss train : 1.5220311880111694
Loss val: 2.9311. Accuracy: 0.2989
Best model found at epoch 0. Accuracy: 0.2989
Epoch 1/10: Loss train : 1.078203797340393
Loss val: 1.5499. Accuracy: 0.3718
Best model found at epoch 1. Accuracy: 0.3718
Epoch 2/10: Loss train : 1.0102668221180255
Loss val: 2.6088. Accuracy: 0.3426
Epoch 3/10: Loss train : 0.9588622748851776
Loss val: 0.9941. Accuracy: 0.4642
Best model found at epoch 3. Accuracy: 0.4642
Epoch 4/10: Loss train : 0.9268778218672826
Loss val: 1.1820. Accuracy: 0.5079
Best model found at epoch 4. Accuracy: 0.5079
Epoch 5/10: Loss train : 0.9195264348616967
Loss val: 0.9279. Accuracy: 0.5419
Best model found at epoch 5. Accuracy: 0.5419
Epoch 6/10: Loss train : 0.8618893439953144
Loss val: 0.9064. Accuracy: 0.5711
Best model found at epoch 6. Accuracy: 0.5711
Epoch 7/10: Loss train : 0.8070714038151962
Loss val: 1.0005. Accuracy: 0.5723
Best model found at epoch 7. Accuracy: 0.5723
Epoch 8/10: Loss train : 0.772765345298327
Loss val: 0.9262. Accuracy: 0.5674
Epoch 9/10: Loss train : 0.7348499000072479
Loss val: 1.0436. Accuracy: 0.5614
---------------
Start training for model regnet_y_1_6gf in fold 0/5:
Epoch 0/10: Loss train : 1.263049304485321
Loss val: 1.6840. Accuracy: 0.4508
Best model found at epoch 0. Accuracy: 0.4508
Epoch 1/10: Loss train : 1.0436129294908965
Loss val: 2.8780. Accuracy: 0.4787
Best model found at epoch 1. Accuracy: 0.4787
Epoch 2/10: Loss train : 0.9992722800144782
Loss val: 4.2983. Accuracy: 0.4812
Best model found at epoch 2. Accuracy: 0.4812
Epoch 3/10: Loss train : 0.9756238804413722
Loss val: 1.0022. Accuracy: 0.5006
Best model found at epoch 3. Accuracy: 0.5006
Epoch 4/10: Loss train : 1.004853367805481
Loss val: 7.0421. Accuracy: 0.4945
Epoch 5/10: Loss train : 0.9525039516962491
Loss val: 2.0024. Accuracy: 0.5273
Best model found at epoch 5. Accuracy: 0.5273
Epoch 6/10: Loss train : 0.9583264910257779
Loss val: 1.0600. Accuracy: 0.5443
Best model found at epoch 6. Accuracy: 0.5443
Epoch 7/10: Loss train : 0.9198507116391108
Loss val: 0.9991. Accuracy: 0.6075
Best model found at epoch 7. Accuracy: 0.6075
Epoch 8/10: Loss train : 0.8812994842345898
Loss val: 0.9732. Accuracy: 0.5699
Epoch 9/10: Loss train : 0.8891856280656961
Loss val: 0.8863. Accuracy: 0.6173
Best model found at epoch 9. Accuracy: 0.6173
Fold 1
successfully create ./../log/tensorboard/fold 1
successfully create ./../log/checkpoint/fold 1
---------------
Start training for model resnet50 in fold 1/5:
Epoch 0/10: Loss train : 2.136882965381329
Loss val: 22609.8359. Accuracy: 0.1752
Best model found at epoch 0. Accuracy: 0.1752
Epoch 1/10: Loss train : 1.0806785753140082
Loss val: 1.0713. Accuracy: 0.4903
Best model found at epoch 1. Accuracy: 0.4903
Epoch 2/10: Loss train : 1.0904984634656172
Loss val: 2.4643. Accuracy: 0.4805
Epoch 3/10: Loss train : 1.0148545045119066
Loss val: 3.3162. Accuracy: 0.4964
Best model found at epoch 3. Accuracy: 0.4964
Epoch 4/10: Loss train : 0.9774240507529333
Loss val: 1.1078. Accuracy: 0.5426
Best model found at epoch 4. Accuracy: 0.5426
Epoch 5/10: Loss train : 0.9498978715676528
Loss val: 1.0305. Accuracy: 0.5584
Best model found at epoch 5. Accuracy: 0.5584
Epoch 6/10: Loss train : 0.932964584002128
Loss val: 2.7235. Accuracy: 0.5414
Epoch 7/10: Loss train : 0.9000764053601485
Loss val: 1.1781. Accuracy: 0.5633
Best model found at epoch 7. Accuracy: 0.5633
Epoch 8/10: Loss train : 0.8881904230667994
Loss val: 1.2118. Accuracy: 0.5912
Best model found at epoch 8. Accuracy: 0.5912
Epoch 9/10: Loss train : 0.8988590148779062
Loss val: 0.9840. Accuracy: 0.5584
---------------
Start training for model resnet18 in fold 1/5:
Epoch 0/10: Loss train : 1.3302415701059194
Loss val: 6.1862. Accuracy: 0.2701
Best model found at epoch 0. Accuracy: 0.2701
Epoch 1/10: Loss train : 1.0171079498070936
Loss val: 1.2864. Accuracy: 0.4757
Best model found at epoch 1. Accuracy: 0.4757
Epoch 2/10: Loss train : 1.0197157607628748
Loss val: 1.0834. Accuracy: 0.4891
Best model found at epoch 2. Accuracy: 0.4891
Epoch 3/10: Loss train : 0.9698970088591943
Loss val: 1.0244. Accuracy: 0.5681
Best model found at epoch 3. Accuracy: 0.5681
Epoch 4/10: Loss train : 0.9290140637984643
Loss val: 1.0613. Accuracy: 0.5085
Epoch 5/10: Loss train : 0.9018505972165328
Loss val: 1.0198. Accuracy: 0.5620
Epoch 6/10: Loss train : 0.8614790462530576
Loss val: 0.9261. Accuracy: 0.5998
Best model found at epoch 6. Accuracy: 0.5998
Epoch 7/10: Loss train : 0.8562913147302774
Loss val: 0.9792. Accuracy: 0.5693
Epoch 8/10: Loss train : 0.8277766842108506
Loss val: 1.0055. Accuracy: 0.5815
Epoch 9/10: Loss train : 0.7962420559846438
Loss val: 1.0302. Accuracy: 0.6156
Best model found at epoch 9. Accuracy: 0.6156
---------------
Start training for model efficientnet_v2_s in fold 1/5:
Epoch 0/10: Loss train : 1.2871158902461712
Loss val: 15.8983. Accuracy: 0.3613
Best model found at epoch 0. Accuracy: 0.3613
Epoch 1/10: Loss train : 1.0972416194585652
Loss val: 1.2073. Accuracy: 0.4781
Best model found at epoch 1. Accuracy: 0.4781
Epoch 2/10: Loss train : 1.0331434057309077
Loss val: 1.1164. Accuracy: 0.4745
Epoch 3/10: Loss train : 1.0401586202474742
Loss val: 1.0680. Accuracy: 0.4732
Epoch 4/10: Loss train : 1.0100288734986231
Loss val: 1.0408. Accuracy: 0.4501
Epoch 5/10: Loss train : 0.999740868806839
Loss val: 1.0438. Accuracy: 0.4891
Best model found at epoch 5. Accuracy: 0.4891
Epoch 6/10: Loss train : 1.024665926511471
Loss val: 1.1022. Accuracy: 0.4392
Epoch 7/10: Loss train : 0.9948612680801978
Loss val: 1.0468. Accuracy: 0.5085
Best model found at epoch 7. Accuracy: 0.5085
Epoch 8/10: Loss train : 0.9729028046131134
Loss val: 1.0196. Accuracy: 0.4915
Epoch 9/10: Loss train : 0.9463725846547347
Loss val: 1.3397. Accuracy: 0.4136
---------------
Start training for model inception_v3 in fold 1/5:
Epoch 0/10: Loss train : 1.5450328038288996
Loss val: 499.9570. Accuracy: 0.3637
Best model found at epoch 0. Accuracy: 0.3637
Epoch 1/10: Loss train : 1.157575249671936
Loss val: 1.9452. Accuracy: 0.3528
Epoch 2/10: Loss train : 1.1256814621962035
Loss val: 1.1033. Accuracy: 0.4769
Best model found at epoch 2. Accuracy: 0.4769
Epoch 3/10: Loss train : 1.1351624131202698
Loss val: 1.6112. Accuracy: 0.4221
Epoch 4/10: Loss train : 1.0813536873230567
Loss val: 1.1006. Accuracy: 0.4757
Epoch 5/10: Loss train : 1.206836189215
Loss val: 1.6896. Accuracy: 0.4586
Epoch 6/10: Loss train : 1.1412765383720398
Loss val: 1.5678. Accuracy: 0.4367
Epoch 7/10: Loss train : 1.0475505063166985
Loss val: 1.0907. Accuracy: 0.4757
Epoch 8/10: Loss train : 1.0592617025742164
Loss val: 1.1009. Accuracy: 0.4757
Epoch 9/10: Loss train : 1.083770032112415
Loss val: 3.3801. Accuracy: 0.4367
---------------
Start training for model mobilenet_v2 in fold 1/5:
Epoch 0/10: Loss train : 1.4009654063444872
Loss val: 1.0826. Accuracy: 0.4757
Best model found at epoch 0. Accuracy: 0.4757
Epoch 1/10: Loss train : 1.0163082136557653
Loss val: 1.3814. Accuracy: 0.4684
Epoch 2/10: Loss train : 1.032982750580861
Loss val: 1.9589. Accuracy: 0.4732
Epoch 3/10: Loss train : 0.981412947177887
Loss val: 1.0538. Accuracy: 0.4684
Epoch 4/10: Loss train : 0.9162541559109321
Loss val: 1.2391. Accuracy: 0.5085
Best model found at epoch 4. Accuracy: 0.5085
Epoch 5/10: Loss train : 0.8633862091944768
Loss val: 1.2416. Accuracy: 0.5645
Best model found at epoch 5. Accuracy: 0.5645
Epoch 6/10: Loss train : 0.8478440504807693
Loss val: 1.1402. Accuracy: 0.5584
Epoch 7/10: Loss train : 0.7710023797475375
Loss val: 1.4335. Accuracy: 0.4063
Epoch 8/10: Loss train : 0.7532382515760568
Loss val: 0.9357. Accuracy: 0.5645
Epoch 9/10: Loss train : 0.7137644634797022
Loss val: 0.9853. Accuracy: 0.5511
---------------
Start training for model alexnet in fold 1/5:
Epoch 0/10: Loss train : 236401.7079432515
Loss val: 1.0863. Accuracy: 0.3662
Best model found at epoch 0. Accuracy: 0.3662
Epoch 1/10: Loss train : 1.018506089082131
Loss val: 1.0946. Accuracy: 0.4757
Best model found at epoch 1. Accuracy: 0.4757
Epoch 2/10: Loss train : 1.0159932374954224
Loss val: 1.0783. Accuracy: 0.4757
Epoch 3/10: Loss train : 1.0156476130852332
Loss val: 1.0798. Accuracy: 0.4757
Epoch 4/10: Loss train : 1.0152952785675342
Loss val: 1.0833. Accuracy: 0.4757
Epoch 5/10: Loss train : 1.0155650262649243
Loss val: 1.0888. Accuracy: 0.4757
Epoch 6/10: Loss train : 1.0182846303169544
Loss val: 1.0870. Accuracy: 0.4757
Epoch 7/10: Loss train : 1.015011741564824
Loss val: 1.0849. Accuracy: 0.4757
Epoch 8/10: Loss train : 1.0151163912736452
Loss val: 1.0812. Accuracy: 0.4757
Epoch 9/10: Loss train : 1.0157089646045978
Loss val: 1.0812. Accuracy: 0.4757
---------------
Start training for model densenet121 in fold 1/5:
Epoch 0/10: Loss train : 1.4216277094987722
Loss val: 1.9622. Accuracy: 0.4136
Best model found at epoch 0. Accuracy: 0.4136
Epoch 1/10: Loss train : 0.9473233956557053
Loss val: 1.5344. Accuracy: 0.4148
Best model found at epoch 1. Accuracy: 0.4148
Epoch 2/10: Loss train : 0.9367894644920642
Loss val: 7.9176. Accuracy: 0.1727
Epoch 3/10: Loss train : 0.924333414206138
Loss val: 1.5604. Accuracy: 0.4258
Best model found at epoch 3. Accuracy: 0.4258
Epoch 4/10: Loss train : 0.8993044678981488
Loss val: 1.0596. Accuracy: 0.5401
Best model found at epoch 4. Accuracy: 0.5401
Epoch 5/10: Loss train : 0.8589717401907995
Loss val: 1.3940. Accuracy: 0.4331
Epoch 6/10: Loss train : 0.8302615949740777
Loss val: 1.0973. Accuracy: 0.5766
Best model found at epoch 6. Accuracy: 0.5766
Epoch 7/10: Loss train : 0.8505778266833379
Loss val: 1.9356. Accuracy: 0.3869
Epoch 8/10: Loss train : 0.7844082529728229
Loss val: 0.9337. Accuracy: 0.6119
Best model found at epoch 8. Accuracy: 0.6119
Epoch 9/10: Loss train : 0.7883769090359027
Loss val: 1.7226. Accuracy: 0.4538
---------------
Start training for model mobilenet_v3_large in fold 1/5:
Epoch 0/10: Loss train : 1.569101911324721
Loss val: 1.0748. Accuracy: 0.4757
Best model found at epoch 0. Accuracy: 0.4757
Epoch 1/10: Loss train : 1.0454732202566588
Loss val: 1.0765. Accuracy: 0.4757
Epoch 2/10: Loss train : 0.9829375537542197
Loss val: 1.1072. Accuracy: 0.3662
Epoch 3/10: Loss train : 0.9613320368986863
Loss val: 1.0980. Accuracy: 0.4757
Epoch 4/10: Loss train : 0.9248464795259329
Loss val: 1.2125. Accuracy: 0.3662
Epoch 5/10: Loss train : 0.919210665501081
Loss val: 1.1992. Accuracy: 0.3662
Epoch 6/10: Loss train : 0.9029492621238415
Loss val: 1.1381. Accuracy: 0.1898
Epoch 7/10: Loss train : 0.8822038700947394
Loss val: 1.1814. Accuracy: 0.3662
Epoch 8/10: Loss train : 0.8332169881233802
Loss val: 1.0487. Accuracy: 0.4866
Best model found at epoch 8. Accuracy: 0.4866
Epoch 9/10: Loss train : 0.7972566256156335
Loss val: 1.6798. Accuracy: 0.1740
---------------
Start training for model resnext50_32x4d in fold 1/5:
Epoch 0/10: Loss train : 2.3836046296816606
Loss val: 31223.1725. Accuracy: 0.3662
Best model found at epoch 0. Accuracy: 0.3662
Epoch 1/10: Loss train : 1.0484222448789156
Loss val: 1.4674. Accuracy: 0.4696
Best model found at epoch 1. Accuracy: 0.4696
Epoch 2/10: Loss train : 0.987241309422713
Loss val: 1.1792. Accuracy: 0.5122
Best model found at epoch 2. Accuracy: 0.5122
Epoch 3/10: Loss train : 0.9676115558697627
Loss val: 1.1034. Accuracy: 0.5547
Best model found at epoch 3. Accuracy: 0.5547
Epoch 4/10: Loss train : 0.9531709735210125
Loss val: 1.0535. Accuracy: 0.5292
Epoch 5/10: Loss train : 0.9224070402292105
Loss val: 1.3463. Accuracy: 0.5122
Epoch 6/10: Loss train : 0.9017702249380258
Loss val: 1.1051. Accuracy: 0.5779
Best model found at epoch 6. Accuracy: 0.5779
Epoch 7/10: Loss train : 0.8917610599444463
Loss val: 0.9698. Accuracy: 0.6083
Best model found at epoch 7. Accuracy: 0.6083
Epoch 8/10: Loss train : 0.8695947734209207
Loss val: 0.9724. Accuracy: 0.5985
Epoch 9/10: Loss train : 0.8551645576953888
Loss val: 0.9688. Accuracy: 0.5912
---------------
Start training for model regnet_y_400mf in fold 1/5:
Epoch 0/10: Loss train : 1.6321755785208483
Loss val: 3.9662. Accuracy: 0.4757
Best model found at epoch 0. Accuracy: 0.4757
Epoch 1/10: Loss train : 0.990041047334671
Loss val: 1.1656. Accuracy: 0.4769
Best model found at epoch 1. Accuracy: 0.4769
Epoch 2/10: Loss train : 0.9345651314808772
Loss val: 1.2106. Accuracy: 0.5012
Best model found at epoch 2. Accuracy: 0.5012
Epoch 3/10: Loss train : 0.9077840607899886
Loss val: 0.9547. Accuracy: 0.6204
Best model found at epoch 3. Accuracy: 0.6204
Epoch 4/10: Loss train : 0.8146654504996079
Loss val: 1.0732. Accuracy: 0.5207
Epoch 5/10: Loss train : 0.8090831866631141
Loss val: 1.0065. Accuracy: 0.5791
Epoch 6/10: Loss train : 0.7825549611678491
Loss val: 1.5040. Accuracy: 0.3491
Epoch 7/10: Loss train : 0.7383196537311261
Loss val: 1.0494. Accuracy: 0.4793
Epoch 8/10: Loss train : 0.7201459201482626
Loss val: 1.1253. Accuracy: 0.5268
Epoch 9/10: Loss train : 0.7322230499524337
Loss val: 1.0106. Accuracy: 0.6071
---------------
Start training for model regnet_y_1_6gf in fold 1/5:
Epoch 0/10: Loss train : 1.3138961769067323
Loss val: 1.1006. Accuracy: 0.4757
Best model found at epoch 0. Accuracy: 0.4757
Epoch 1/10: Loss train : 1.0053730125610645
Loss val: 1.1262. Accuracy: 0.4732
Epoch 2/10: Loss train : 0.9346979329219232
Loss val: 2.1822. Accuracy: 0.4416
Epoch 3/10: Loss train : 0.9092853802901047
Loss val: 0.9842. Accuracy: 0.5596
Best model found at epoch 3. Accuracy: 0.5596
Epoch 4/10: Loss train : 0.8915439546108246
Loss val: 1.1100. Accuracy: 0.5401
Epoch 5/10: Loss train : 0.8484362868162302
Loss val: 1.0012. Accuracy: 0.5888
Best model found at epoch 5. Accuracy: 0.5888
Epoch 6/10: Loss train : 0.8098956919633425
Loss val: 1.0587. Accuracy: 0.5146
Epoch 7/10: Loss train : 0.7865813626692846
Loss val: 0.9289. Accuracy: 0.5985
Best model found at epoch 7. Accuracy: 0.5985
Epoch 8/10: Loss train : 0.7782938984724191
Loss val: 1.1087. Accuracy: 0.4830
Epoch 9/10: Loss train : 0.7515272543980525
Loss val: 0.8915. Accuracy: 0.6156
Best model found at epoch 9. Accuracy: 0.6156
Fold 2
successfully create ./../log/tensorboard/fold 2
successfully create ./../log/checkpoint/fold 2
---------------
Start training for model resnet50 in fold 2/5:
Epoch 0/10: Loss train : 2.507198076981765
Loss val: 161350.4204. Accuracy: 0.4757
Best model found at epoch 0. Accuracy: 0.4757
Epoch 1/10: Loss train : 1.058279193364657
Loss val: 3.6100. Accuracy: 0.4404
Epoch 2/10: Loss train : 0.9995497648532574
Loss val: 1.0231. Accuracy: 0.4878
Best model found at epoch 2. Accuracy: 0.4878
Epoch 3/10: Loss train : 0.9738755570008204
Loss val: 1.1482. Accuracy: 0.4805
Epoch 4/10: Loss train : 0.9713161541865423
Loss val: 1.0923. Accuracy: 0.5122
Best model found at epoch 4. Accuracy: 0.5122
Epoch 5/10: Loss train : 0.9767612516880035
Loss val: 0.9812. Accuracy: 0.5304
Best model found at epoch 5. Accuracy: 0.5304
Epoch 6/10: Loss train : 0.9416336531822498
Loss val: 0.9535. Accuracy: 0.5754
Best model found at epoch 6. Accuracy: 0.5754
Epoch 7/10: Loss train : 0.9304716426592606
Loss val: 0.9491. Accuracy: 0.5511
Epoch 8/10: Loss train : 0.8949929544558892
Loss val: 0.9787. Accuracy: 0.5633
Epoch 9/10: Loss train : 0.8857788856212909
Loss val: 0.9340. Accuracy: 0.5633
---------------
Start training for model resnet18 in fold 2/5:
Epoch 0/10: Loss train : 1.3675161118690784
Loss val: 5.1557. Accuracy: 0.3236
Best model found at epoch 0. Accuracy: 0.3236
Epoch 1/10: Loss train : 1.0253850267483637
Loss val: 1.2748. Accuracy: 0.4647
Best model found at epoch 1. Accuracy: 0.4647
Epoch 2/10: Loss train : 0.987437734237084
Loss val: 1.2819. Accuracy: 0.4976
Best model found at epoch 2. Accuracy: 0.4976
Epoch 3/10: Loss train : 0.9463227070294894
Loss val: 0.9695. Accuracy: 0.5584
Best model found at epoch 3. Accuracy: 0.5584
Epoch 4/10: Loss train : 0.9147283962139716
Loss val: 1.0075. Accuracy: 0.5097
Epoch 5/10: Loss train : 0.8696493391807263
Loss val: 0.9999. Accuracy: 0.5462
Epoch 6/10: Loss train : 0.8522875515314249
Loss val: 0.9588. Accuracy: 0.5779
Best model found at epoch 6. Accuracy: 0.5779
Epoch 7/10: Loss train : 0.8592565793257493
Loss val: 0.9184. Accuracy: 0.5657
Epoch 8/10: Loss train : 0.8485616399691656
Loss val: 0.9110. Accuracy: 0.5949
Best model found at epoch 8. Accuracy: 0.5949
Epoch 9/10: Loss train : 0.8346694157673762
Loss val: 0.8893. Accuracy: 0.6010
Best model found at epoch 9. Accuracy: 0.6010
---------------
Start training for model efficientnet_v2_s in fold 2/5:
Epoch 0/10: Loss train : 1.2174221391861255
Loss val: 1.0848. Accuracy: 0.3990
Best model found at epoch 0. Accuracy: 0.3990
Epoch 1/10: Loss train : 1.0628197009746845
Loss val: 1.2600. Accuracy: 0.4757
Best model found at epoch 1. Accuracy: 0.4757
Epoch 2/10: Loss train : 1.0358992516994476
Loss val: 1.0834. Accuracy: 0.4684
Epoch 3/10: Loss train : 1.0012321013670702
Loss val: 1.0299. Accuracy: 0.4757
Epoch 4/10: Loss train : 0.9960484573474297
Loss val: 2.0725. Accuracy: 0.4757
Epoch 5/10: Loss train : 1.0053549798635335
Loss val: 1.1078. Accuracy: 0.3589
Epoch 6/10: Loss train : 1.0092865434976726
Loss val: 1.0994. Accuracy: 0.4440
Epoch 7/10: Loss train : 1.0153757746403034
Loss val: 1.0530. Accuracy: 0.4380
Epoch 8/10: Loss train : 0.9868811964988708
Loss val: 1.0593. Accuracy: 0.4818
Best model found at epoch 8. Accuracy: 0.4818
Epoch 9/10: Loss train : 0.9673379476253803
Loss val: 1.0683. Accuracy: 0.4684
---------------
Start training for model inception_v3 in fold 2/5:
Epoch 0/10: Loss train : 1.3425329533907084
Loss val: 2039.2841. Accuracy: 0.3929
Best model found at epoch 0. Accuracy: 0.3929
Epoch 1/10: Loss train : 1.1173011775200183
Loss val: 3885.5760. Accuracy: 0.2968
Epoch 2/10: Loss train : 1.1504799586076002
Loss val: 2.3196. Accuracy: 0.4732
Best model found at epoch 2. Accuracy: 0.4732
Epoch 3/10: Loss train : 1.0616622429627638
Loss val: 1.0663. Accuracy: 0.4757
Best model found at epoch 3. Accuracy: 0.4757
Epoch 4/10: Loss train : 1.071960462973668
Loss val: 1.4037. Accuracy: 0.4720
Epoch 5/10: Loss train : 1.016971652324383
Loss val: 1.3316. Accuracy: 0.4793
Best model found at epoch 5. Accuracy: 0.4793
Epoch 6/10: Loss train : 1.047234718616192
Loss val: 1.0916. Accuracy: 0.4331
Epoch 7/10: Loss train : 1.0157875556212206
Loss val: 6.0969. Accuracy: 0.5061
Best model found at epoch 7. Accuracy: 0.5061
Epoch 8/10: Loss train : 1.016134576155589
Loss val: 2.0718. Accuracy: 0.4769
Epoch 9/10: Loss train : 1.0122200296475337
Loss val: 1.3192. Accuracy: 0.4878
---------------
Start training for model mobilenet_v2 in fold 2/5:
Epoch 0/10: Loss train : 1.4592789526169117
Loss val: 1.2785. Accuracy: 0.4757
Best model found at epoch 0. Accuracy: 0.4757
Epoch 1/10: Loss train : 0.9784943140470065
Loss val: 1.4150. Accuracy: 0.4769
Best model found at epoch 1. Accuracy: 0.4769
Epoch 2/10: Loss train : 0.9220020266679617
Loss val: 1.0488. Accuracy: 0.5109
Best model found at epoch 2. Accuracy: 0.5109
Epoch 3/10: Loss train : 0.8745777561114385
Loss val: 0.8942. Accuracy: 0.5864
Best model found at epoch 3. Accuracy: 0.5864
Epoch 4/10: Loss train : 0.8625409121696765
Loss val: 1.0532. Accuracy: 0.4903
Epoch 5/10: Loss train : 0.7940993033922635
Loss val: 1.0333. Accuracy: 0.4818
Epoch 6/10: Loss train : 0.7601270171312186
Loss val: 1.0007. Accuracy: 0.5900
Best model found at epoch 6. Accuracy: 0.5900
Epoch 7/10: Loss train : 0.7071746083406302
Loss val: 1.4067. Accuracy: 0.4136
Epoch 8/10: Loss train : 0.7241162336789645
Loss val: 1.2956. Accuracy: 0.5182
Epoch 9/10: Loss train : 0.7112246545461508
Loss val: 1.0393. Accuracy: 0.5316
---------------
Start training for model alexnet in fold 2/5:
Epoch 0/10: Loss train : 60600.329954225286
Loss val: 1.2212. Accuracy: 0.4757
Best model found at epoch 0. Accuracy: 0.4757
Epoch 1/10: Loss train : 1.1095707508233876
Loss val: 1.0740. Accuracy: 0.4757
Epoch 2/10: Loss train : 1.0713969698319068
Loss val: 1.0820. Accuracy: 0.4757
Epoch 3/10: Loss train : 1.0191460183033576
Loss val: 1.0745. Accuracy: 0.4757
Epoch 4/10: Loss train : 1.047462373971939
Loss val: 1.0764. Accuracy: 0.4757
Epoch 5/10: Loss train : 1.0153743005715883
Loss val: 1.0874. Accuracy: 0.4757
Epoch 6/10: Loss train : 1.0471269580034108
Loss val: 1.0913. Accuracy: 0.4757
Epoch 7/10: Loss train : 1.0167107582092285
Loss val: 1.0841. Accuracy: 0.4757
Epoch 8/10: Loss train : 1.0134064532243288
Loss val: 1.0798. Accuracy: 0.4757
Epoch 9/10: Loss train : 1.0138471516279073
Loss val: 1.0828. Accuracy: 0.4757
---------------
Start training for model densenet121 in fold 2/5:
Epoch 0/10: Loss train : 1.354113404567425
Loss val: 16.4827. Accuracy: 0.4307
Best model found at epoch 0. Accuracy: 0.4307
Epoch 1/10: Loss train : 0.986501925266706
Loss val: 1.2883. Accuracy: 0.3394
Epoch 2/10: Loss train : 0.983099660048118
Loss val: 13.7076. Accuracy: 0.1618
Epoch 3/10: Loss train : 0.9538862292583172
Loss val: 0.9784. Accuracy: 0.5097
Best model found at epoch 3. Accuracy: 0.5097
Epoch 4/10: Loss train : 0.9070319258249723
Loss val: 0.9903. Accuracy: 0.5535
Best model found at epoch 4. Accuracy: 0.5535
Epoch 5/10: Loss train : 0.8921096989741693
Loss val: 1.0292. Accuracy: 0.5706
Best model found at epoch 5. Accuracy: 0.5706
Epoch 6/10: Loss train : 0.8693833305285528
Loss val: 0.9263. Accuracy: 0.5511
Epoch 7/10: Loss train : 0.8686239031644968
Loss val: 0.8769. Accuracy: 0.6058
Best model found at epoch 7. Accuracy: 0.6058
Epoch 8/10: Loss train : 0.833969003879107
Loss val: 1.1867. Accuracy: 0.5779
Epoch 9/10: Loss train : 0.8257183455503904
Loss val: 0.8708. Accuracy: 0.6217
Best model found at epoch 9. Accuracy: 0.6217
---------------
Start training for model mobilenet_v3_large in fold 2/5:
Epoch 0/10: Loss train : 1.5291426388116984
Loss val: 1.1753. Accuracy: 0.4757
Best model found at epoch 0. Accuracy: 0.4757
Epoch 1/10: Loss train : 1.0305395974562719
Loss val: 1.1296. Accuracy: 0.4757
Epoch 2/10: Loss train : 1.0044229557880988
Loss val: 1.1047. Accuracy: 0.4757
Epoch 3/10: Loss train : 0.9657743871212006
Loss val: 1.0893. Accuracy: 0.4757
Epoch 4/10: Loss train : 0.9389446446528802
Loss val: 1.1455. Accuracy: 0.4757
Epoch 5/10: Loss train : 0.9444932135251852
Loss val: 1.1969. Accuracy: 0.4757
Epoch 6/10: Loss train : 0.9094640635527097
Loss val: 1.0792. Accuracy: 0.4757
Epoch 7/10: Loss train : 0.8878161700872275
Loss val: 1.0562. Accuracy: 0.4769
Best model found at epoch 7. Accuracy: 0.4769
Epoch 8/10: Loss train : 0.8779656038834498
Loss val: 1.1976. Accuracy: 0.5061
Best model found at epoch 8. Accuracy: 0.5061
Epoch 9/10: Loss train : 0.8638475628999563
Loss val: 1.0840. Accuracy: 0.4477
---------------
Start training for model resnext50_32x4d in fold 2/5:
Epoch 0/10: Loss train : 2.298075552170093
Loss val: 177.8989. Accuracy: 0.2920
Best model found at epoch 0. Accuracy: 0.2920
Epoch 1/10: Loss train : 1.0111747888418345
Loss val: 1.2407. Accuracy: 0.4672
Best model found at epoch 1. Accuracy: 0.4672
Epoch 2/10: Loss train : 0.9898209250890292
Loss val: 1.0750. Accuracy: 0.4818
Best model found at epoch 2. Accuracy: 0.4818
Epoch 3/10: Loss train : 0.9806063862947317
Loss val: 1.0606. Accuracy: 0.5000
Best model found at epoch 3. Accuracy: 0.5000
Epoch 4/10: Loss train : 0.9655020053570087
Loss val: 1.2326. Accuracy: 0.4732
Epoch 5/10: Loss train : 0.9684657798363612
Loss val: 1.2351. Accuracy: 0.4781
Epoch 6/10: Loss train : 0.9647171405645517
Loss val: 1.0736. Accuracy: 0.5268
Best model found at epoch 6. Accuracy: 0.5268
Epoch 7/10: Loss train : 0.932047555079827
Loss val: 1.0974. Accuracy: 0.5073
Epoch 8/10: Loss train : 0.9217641582855811
Loss val: 1.0769. Accuracy: 0.5474
Best model found at epoch 8. Accuracy: 0.5474
Epoch 9/10: Loss train : 0.9051070006994101
Loss val: 1.0030. Accuracy: 0.5596
Best model found at epoch 9. Accuracy: 0.5596
---------------
Start training for model regnet_y_400mf in fold 2/5:
Epoch 0/10: Loss train : 1.5032117137542138
Loss val: 42.6677. Accuracy: 0.3260
Best model found at epoch 0. Accuracy: 0.3260
Epoch 1/10: Loss train : 0.9859024355044732
Loss val: 1.0201. Accuracy: 0.4781
Best model found at epoch 1. Accuracy: 0.4781
Epoch 2/10: Loss train : 0.916240570636896
Loss val: 0.9568. Accuracy: 0.5499
Best model found at epoch 2. Accuracy: 0.5499
Epoch 3/10: Loss train : 0.8594436805981857
Loss val: 0.9672. Accuracy: 0.6095
Best model found at epoch 3. Accuracy: 0.6095
Epoch 4/10: Loss train : 0.8165891399750342
Loss val: 0.8153. Accuracy: 0.6180
Best model found at epoch 4. Accuracy: 0.6180
Epoch 5/10: Loss train : 0.7777562187268183
Loss val: 1.2058. Accuracy: 0.6010
Epoch 6/10: Loss train : 0.7840564709443313
Loss val: 1.1507. Accuracy: 0.5791
Epoch 7/10: Loss train : 0.7549352875122657
Loss val: 0.8365. Accuracy: 0.6363
Best model found at epoch 7. Accuracy: 0.6363
Epoch 8/10: Loss train : 0.7203792402377496
Loss val: 1.0300. Accuracy: 0.6071
Epoch 9/10: Loss train : 0.6636037138792185
Loss val: 0.8041. Accuracy: 0.6642
Best model found at epoch 9. Accuracy: 0.6642
---------------
Start training for model regnet_y_1_6gf in fold 2/5:
Epoch 0/10: Loss train : 1.3634408230964954
Loss val: 8.7559. Accuracy: 0.4659
Best model found at epoch 0. Accuracy: 0.4659
Epoch 1/10: Loss train : 1.0519899221567006
Loss val: 1.0679. Accuracy: 0.4672
Best model found at epoch 1. Accuracy: 0.4672
Epoch 2/10: Loss train : 0.992410286114766
Loss val: 1.0287. Accuracy: 0.4745
Best model found at epoch 2. Accuracy: 0.4745
Epoch 3/10: Loss train : 0.9805860473559453
Loss val: 1.0732. Accuracy: 0.4732
Epoch 4/10: Loss train : 0.9492708146572113
Loss val: 1.0402. Accuracy: 0.5316
Best model found at epoch 4. Accuracy: 0.5316
Epoch 5/10: Loss train : 0.8838586165354803
Loss val: 1.1114. Accuracy: 0.5255
Epoch 6/10: Loss train : 0.827663779258728
Loss val: 1.1148. Accuracy: 0.5304
Epoch 7/10: Loss train : 0.8658066070996798
Loss val: 0.9427. Accuracy: 0.5377
Best model found at epoch 7. Accuracy: 0.5377
Epoch 8/10: Loss train : 0.8391837156735934
Loss val: 1.6480. Accuracy: 0.5146
Epoch 9/10: Loss train : 0.7788909421517298
Loss val: 1.5198. Accuracy: 0.4708
Fold 3
successfully create ./../log/tensorboard/fold 3
successfully create ./../log/checkpoint/fold 3
---------------
Start training for model resnet50 in fold 3/5:
Epoch 0/10: Loss train : 2.246930044430953
Loss val: 2480.0469. Accuracy: 0.1642
Best model found at epoch 0. Accuracy: 0.1642
Epoch 1/10: Loss train : 1.0666334629058838
Loss val: 1.7173. Accuracy: 0.4769
Best model found at epoch 1. Accuracy: 0.4769
Epoch 2/10: Loss train : 1.0092008434809172
Loss val: 1.4112. Accuracy: 0.5109
Best model found at epoch 2. Accuracy: 0.5109
Epoch 3/10: Loss train : 0.9893986491056589
Loss val: 1.2205. Accuracy: 0.5292
Best model found at epoch 3. Accuracy: 0.5292
Epoch 4/10: Loss train : 0.9637337189454299
Loss val: 1.0618. Accuracy: 0.5061
Epoch 5/10: Loss train : 0.9571078648933997
Loss val: 1.0198. Accuracy: 0.5608
Best model found at epoch 5. Accuracy: 0.5608
Epoch 6/10: Loss train : 0.9199889967074761
Loss val: 0.9910. Accuracy: 0.5608
Epoch 7/10: Loss train : 0.9057961794046255
Loss val: 1.0642. Accuracy: 0.5474
Epoch 8/10: Loss train : 0.8798661323694082
Loss val: 0.9717. Accuracy: 0.5900
Best model found at epoch 8. Accuracy: 0.5900
Epoch 9/10: Loss train : 0.8764749581997211
Loss val: 1.0142. Accuracy: 0.5438
---------------
Start training for model resnet18 in fold 3/5:
Epoch 0/10: Loss train : 1.2937187942174764
Loss val: 3.9357. Accuracy: 0.3747
Best model found at epoch 0. Accuracy: 0.3747
Epoch 1/10: Loss train : 1.0327252401755407
Loss val: 1.3198. Accuracy: 0.3905
Best model found at epoch 1. Accuracy: 0.3905
Epoch 2/10: Loss train : 0.937890153664809
Loss val: 1.3609. Accuracy: 0.3954
Best model found at epoch 2. Accuracy: 0.3954
Epoch 3/10: Loss train : 0.9140182481362269
Loss val: 1.0181. Accuracy: 0.5195
Best model found at epoch 3. Accuracy: 0.5195
Epoch 4/10: Loss train : 0.8980011825378125
Loss val: 1.0557. Accuracy: 0.5730
Best model found at epoch 4. Accuracy: 0.5730
Epoch 5/10: Loss train : 0.8884389262932998
Loss val: 0.9338. Accuracy: 0.6277
Best model found at epoch 5. Accuracy: 0.6277
Epoch 6/10: Loss train : 0.870996158856612
Loss val: 1.0573. Accuracy: 0.5073
Epoch 7/10: Loss train : 0.8509630171152262
Loss val: 0.9077. Accuracy: 0.6119
Epoch 8/10: Loss train : 0.8305895832868723
Loss val: 1.3216. Accuracy: 0.3832
Epoch 9/10: Loss train : 0.7995996750318087
Loss val: 1.6838. Accuracy: 0.3431
---------------
Start training for model efficientnet_v2_s in fold 3/5:
Epoch 0/10: Loss train : 1.2330299753409166
Loss val: 44.8672. Accuracy: 0.3686
Best model found at epoch 0. Accuracy: 0.3686
Epoch 1/10: Loss train : 1.124997602059291
Loss val: 7.9622. Accuracy: 0.3723
Best model found at epoch 1. Accuracy: 0.3723
Epoch 2/10: Loss train : 1.0457404462190776
Loss val: 1.0912. Accuracy: 0.4294
Best model found at epoch 2. Accuracy: 0.4294
Epoch 3/10: Loss train : 1.0538497315003321
Loss val: 1.1342. Accuracy: 0.4136
Epoch 4/10: Loss train : 1.00904223552117
Loss val: 1.0495. Accuracy: 0.4757
Best model found at epoch 4. Accuracy: 0.4757
Epoch 5/10: Loss train : 0.9787086683970231
Loss val: 1.0130. Accuracy: 0.4842
Best model found at epoch 5. Accuracy: 0.4842
Epoch 6/10: Loss train : 0.9593375852474799
Loss val: 1.0689. Accuracy: 0.4343
Epoch 7/10: Loss train : 0.9563964742880601
Loss val: 1.0050. Accuracy: 0.4769
Epoch 8/10: Loss train : 0.9428666211091555
Loss val: 0.9987. Accuracy: 0.5097
Best model found at epoch 8. Accuracy: 0.5097
Epoch 9/10: Loss train : 0.9332901124770825
Loss val: 1.0271. Accuracy: 0.4988
---------------
Start training for model inception_v3 in fold 3/5:
Epoch 0/10: Loss train : 1.5919930980755732
Loss val: 32.0568. Accuracy: 0.3650
Best model found at epoch 0. Accuracy: 0.3650
Epoch 1/10: Loss train : 1.0598218578558702
Loss val: 6.4616. Accuracy: 0.4148
Best model found at epoch 1. Accuracy: 0.4148
Epoch 2/10: Loss train : 1.0300566531144655
Loss val: 1.0663. Accuracy: 0.4927
Best model found at epoch 2. Accuracy: 0.4927
Epoch 3/10: Loss train : 1.0220742729993968
Loss val: 1.0556. Accuracy: 0.4842
Epoch 4/10: Loss train : 1.061059601031817
Loss val: 1.1314. Accuracy: 0.4319
Epoch 5/10: Loss train : 1.0435859721440535
Loss val: 1.1127. Accuracy: 0.4830
Epoch 6/10: Loss train : 1.0223145760022676
Loss val: 1.0805. Accuracy: 0.5207
Best model found at epoch 6. Accuracy: 0.5207
Epoch 7/10: Loss train : 0.9890811099455907
Loss val: 1.0870. Accuracy: 0.4647
Epoch 8/10: Loss train : 0.9783779497330005
Loss val: 1.0098. Accuracy: 0.5450
Best model found at epoch 8. Accuracy: 0.5450
Epoch 9/10: Loss train : 0.9980681011309991
Loss val: 3.5835. Accuracy: 0.5255
---------------
Start training for model mobilenet_v2 in fold 3/5:
Epoch 0/10: Loss train : 1.3004712966772227
Loss val: 1.4313. Accuracy: 0.4757
Best model found at epoch 0. Accuracy: 0.4757
Epoch 1/10: Loss train : 0.9510211417308221
Loss val: 1.2820. Accuracy: 0.4550
Epoch 2/10: Loss train : 0.9152581691741943
Loss val: 1.0771. Accuracy: 0.4343
Epoch 3/10: Loss train : 0.8716368193809803
Loss val: 1.4036. Accuracy: 0.3783
Epoch 4/10: Loss train : 0.8446461993914384
Loss val: 1.0128. Accuracy: 0.5401
Best model found at epoch 4. Accuracy: 0.5401
Epoch 5/10: Loss train : 0.8119533726802239
Loss val: 1.5210. Accuracy: 0.4635
Epoch 6/10: Loss train : 0.7836125905697162
Loss val: 1.7821. Accuracy: 0.4246
Epoch 7/10: Loss train : 0.7625340658884782
Loss val: 0.9030. Accuracy: 0.5730
Best model found at epoch 7. Accuracy: 0.5730
Epoch 8/10: Loss train : 0.7285933265319238
Loss val: 1.9662. Accuracy: 0.2908
Epoch 9/10: Loss train : 0.7321032193990854
Loss val: 1.3093. Accuracy: 0.4599
---------------
Start training for model alexnet in fold 3/5:
Epoch 0/10: Loss train : 38991.22475579152
Loss val: 1.0836. Accuracy: 0.4757
Best model found at epoch 0. Accuracy: 0.4757
Epoch 1/10: Loss train : 1.0299127789644094
Loss val: 1.0907. Accuracy: 0.4757
Epoch 2/10: Loss train : 1.0157303443321815
Loss val: 1.0786. Accuracy: 0.4757
Epoch 3/10: Loss train : 1.015385043162566
Loss val: 1.0764. Accuracy: 0.4757
Epoch 4/10: Loss train : 1.0145870011586409
Loss val: 1.0787. Accuracy: 0.4757
Epoch 5/10: Loss train : 1.0139893201681285
Loss val: 1.0795. Accuracy: 0.4757
Epoch 6/10: Loss train : 1.0151669818621416
Loss val: 1.0754. Accuracy: 0.4757
Epoch 7/10: Loss train : 1.0146145201646364
Loss val: 1.0837. Accuracy: 0.4757
Epoch 8/10: Loss train : 1.0136961661852324
Loss val: 1.0910. Accuracy: 0.4757
Epoch 9/10: Loss train : 1.0139306646126967
Loss val: 1.0758. Accuracy: 0.4757
---------------
Start training for model densenet121 in fold 3/5:
Epoch 0/10: Loss train : 1.4258765417795916
Loss val: 9.0692. Accuracy: 0.4745
Best model found at epoch 0. Accuracy: 0.4745
Epoch 1/10: Loss train : 0.9941234221825233
Loss val: 1.1529. Accuracy: 0.4234
Epoch 2/10: Loss train : 0.9809161768509791
Loss val: 1.0721. Accuracy: 0.4951
Best model found at epoch 2. Accuracy: 0.4951
Epoch 3/10: Loss train : 0.9892535301355215
Loss val: 1.1665. Accuracy: 0.4988
Best model found at epoch 3. Accuracy: 0.4988
Epoch 4/10: Loss train : 0.9286583684957944
Loss val: 0.9817. Accuracy: 0.5925
Best model found at epoch 4. Accuracy: 0.5925
Epoch 5/10: Loss train : 0.8908625634816977
Loss val: 1.1786. Accuracy: 0.4793
Epoch 6/10: Loss train : 0.873540644462292
Loss val: 0.9510. Accuracy: 0.5827
Epoch 7/10: Loss train : 0.8874919368670537
Loss val: 2.8245. Accuracy: 0.2433
Epoch 8/10: Loss train : 0.8658841848373413
Loss val: 0.9969. Accuracy: 0.5389
Epoch 9/10: Loss train : 0.802874709551151
Loss val: 0.9713. Accuracy: 0.5779
---------------
Start training for model mobilenet_v3_large in fold 3/5:
Epoch 0/10: Loss train : 1.3568022274054015
Loss val: 1.2924. Accuracy: 0.4757
Best model found at epoch 0. Accuracy: 0.4757
Epoch 1/10: Loss train : 1.1092049204386198
Loss val: 1.2995. Accuracy: 0.4489
Epoch 2/10: Loss train : 1.0352884851969206
Loss val: 1.6371. Accuracy: 0.4878
Best model found at epoch 2. Accuracy: 0.4878
Epoch 3/10: Loss train : 0.9867088909332569
Loss val: 1.2067. Accuracy: 0.3662
Epoch 4/10: Loss train : 0.9573312080823458
Loss val: 1.5092. Accuracy: 0.3662
Epoch 5/10: Loss train : 0.9389075934886932
Loss val: 1.2506. Accuracy: 0.3662
Epoch 6/10: Loss train : 0.9044239887824426
Loss val: 1.8213. Accuracy: 0.3662
Epoch 7/10: Loss train : 0.8981419411989359
Loss val: 1.5564. Accuracy: 0.3783
Epoch 8/10: Loss train : 0.867583671441445
Loss val: 1.2629. Accuracy: 0.4002
Epoch 9/10: Loss train : 0.8424864044556251
Loss val: 0.9897. Accuracy: 0.5706
Best model found at epoch 9. Accuracy: 0.5706
---------------
Start training for model resnext50_32x4d in fold 3/5:
Epoch 0/10: Loss train : 2.1971100637545953
Loss val: 174.4437. Accuracy: 0.4380
Best model found at epoch 0. Accuracy: 0.4380
Epoch 1/10: Loss train : 1.0927436237151806
Loss val: 2.7499. Accuracy: 0.3942
Epoch 2/10: Loss train : 1.0357119326408093
Loss val: 1.0665. Accuracy: 0.5268
Best model found at epoch 2. Accuracy: 0.5268
Epoch 3/10: Loss train : 0.9832520095201639
Loss val: 1.1412. Accuracy: 0.5511
Best model found at epoch 3. Accuracy: 0.5511
Epoch 4/10: Loss train : 0.9555667615853823
Loss val: 1.0360. Accuracy: 0.5438
Epoch 5/10: Loss train : 0.9244873500787295
Loss val: 0.9889. Accuracy: 0.5803
Best model found at epoch 5. Accuracy: 0.5803
Epoch 6/10: Loss train : 0.909312720482166
Loss val: 0.9680. Accuracy: 0.5304
Epoch 7/10: Loss train : 0.8876148691544166
Loss val: 0.9528. Accuracy: 0.6192
Best model found at epoch 7. Accuracy: 0.6192
Epoch 8/10: Loss train : 0.8684168733083285
Loss val: 0.9818. Accuracy: 0.5864
Epoch 9/10: Loss train : 0.8507185922219203
Loss val: 0.9579. Accuracy: 0.6071
---------------
Start training for model regnet_y_400mf in fold 3/5:
Epoch 0/10: Loss train : 1.3430469769697924
Loss val: 1.1566. Accuracy: 0.4136
Best model found at epoch 0. Accuracy: 0.4136
Epoch 1/10: Loss train : 1.0789650564010327
Loss val: 1.1344. Accuracy: 0.4878
Best model found at epoch 1. Accuracy: 0.4878
Epoch 2/10: Loss train : 1.0701940449384542
Loss val: 1.1341. Accuracy: 0.5012
Best model found at epoch 2. Accuracy: 0.5012
Epoch 3/10: Loss train : 0.992493056333982
Loss val: 1.0311. Accuracy: 0.5134
Best model found at epoch 3. Accuracy: 0.5134
Epoch 4/10: Loss train : 0.8836542688883268
Loss val: 1.1053. Accuracy: 0.5243
Best model found at epoch 4. Accuracy: 0.5243
Epoch 5/10: Loss train : 0.8521491862260379
Loss val: 0.9279. Accuracy: 0.6253
Best model found at epoch 5. Accuracy: 0.6253
Epoch 6/10: Loss train : 0.8084403413992661
Loss val: 0.8455. Accuracy: 0.6277
Best model found at epoch 6. Accuracy: 0.6277
Epoch 7/10: Loss train : 0.7622640041204599
Loss val: 0.9449. Accuracy: 0.5888
Epoch 8/10: Loss train : 0.7654255880759313
Loss val: 0.8972. Accuracy: 0.6569
Best model found at epoch 8. Accuracy: 0.6569
Epoch 9/10: Loss train : 0.7309200649078076
Loss val: 0.8070. Accuracy: 0.6691
Best model found at epoch 9. Accuracy: 0.6691
---------------
Start training for model regnet_y_1_6gf in fold 3/5:
Epoch 0/10: Loss train : 1.40440889275991
Loss val: 479.5572. Accuracy: 0.3309
Best model found at epoch 0. Accuracy: 0.3309
Epoch 1/10: Loss train : 1.0201373535853167
Loss val: 1.0559. Accuracy: 0.4477
Best model found at epoch 1. Accuracy: 0.4477
Epoch 2/10: Loss train : 0.9651548472734598
Loss val: 18.5581. Accuracy: 0.5292
Best model found at epoch 2. Accuracy: 0.5292
Epoch 3/10: Loss train : 0.9618551112138308
Loss val: 1.1174. Accuracy: 0.4854
Epoch 4/10: Loss train : 0.9061418771743774
Loss val: 1.0371. Accuracy: 0.5754
Best model found at epoch 4. Accuracy: 0.5754
Epoch 5/10: Loss train : 0.8574810142700489
Loss val: 1.0518. Accuracy: 0.5304
Epoch 6/10: Loss train : 0.8478176960578332
Loss val: 4.0575. Accuracy: 0.5827
Best model found at epoch 6. Accuracy: 0.5827
Epoch 7/10: Loss train : 0.8121450016131768
Loss val: 0.9602. Accuracy: 0.6217
Best model found at epoch 7. Accuracy: 0.6217
Epoch 8/10: Loss train : 0.8063009610542884
Loss val: 0.8684. Accuracy: 0.5998
Epoch 9/10: Loss train : 0.7931187680134406
Loss val: 1.0150. Accuracy: 0.5925
Fold 4
successfully create ./../log/tensorboard/fold 4
successfully create ./../log/checkpoint/fold 4
---------------
Start training for model resnet50 in fold 4/5:
Epoch 0/10: Loss train : 2.5257953863877516
Loss val: 74627.4855. Accuracy: 0.1582
Best model found at epoch 0. Accuracy: 0.1582
Epoch 1/10: Loss train : 1.0736478888071501
Loss val: 5.2256. Accuracy: 0.4757
Best model found at epoch 1. Accuracy: 0.4757
Epoch 2/10: Loss train : 1.0083711697505071
Loss val: 1.0826. Accuracy: 0.4708
Epoch 3/10: Loss train : 1.0157698874290173
Loss val: 1.0046. Accuracy: 0.5182
Best model found at epoch 3. Accuracy: 0.5182
Epoch 4/10: Loss train : 0.9758399060139289
Loss val: 1.0125. Accuracy: 0.5255
Best model found at epoch 4. Accuracy: 0.5255
Epoch 5/10: Loss train : 0.9590817139698908
Loss val: 1.0100. Accuracy: 0.5207
Epoch 6/10: Loss train : 0.9423117477160233
Loss val: 1.0974. Accuracy: 0.5365
Best model found at epoch 6. Accuracy: 0.5365
Epoch 7/10: Loss train : 0.9412083786267501
Loss val: 0.9859. Accuracy: 0.5401
Best model found at epoch 7. Accuracy: 0.5401
Epoch 8/10: Loss train : 0.8912036785712609
Loss val: 0.9780. Accuracy: 0.5547
Best model found at epoch 8. Accuracy: 0.5547
Epoch 9/10: Loss train : 0.8689169746178848
Loss val: 0.9331. Accuracy: 0.5462
---------------
Start training for model resnet18 in fold 4/5:
Epoch 0/10: Loss train : 1.27072170147529
Loss val: 11.5585. Accuracy: 0.4732
Best model found at epoch 0. Accuracy: 0.4732
Epoch 1/10: Loss train : 1.0361661933935606
Loss val: 1.2980. Accuracy: 0.4903
Best model found at epoch 1. Accuracy: 0.4903
Epoch 2/10: Loss train : 0.9981858019645398
Loss val: 1.1486. Accuracy: 0.4161
Epoch 3/10: Loss train : 0.9265623184350821
Loss val: 1.1421. Accuracy: 0.5085
Best model found at epoch 3. Accuracy: 0.5085
Epoch 4/10: Loss train : 0.9059443771839142
Loss val: 0.9724. Accuracy: 0.5280
Best model found at epoch 4. Accuracy: 0.5280
Epoch 5/10: Loss train : 0.8679103851318359
Loss val: 1.0080. Accuracy: 0.5608
Best model found at epoch 5. Accuracy: 0.5608
Epoch 6/10: Loss train : 0.8786724507808685
Loss val: 1.0551. Accuracy: 0.5231
Epoch 7/10: Loss train : 0.8632331284192892
Loss val: 0.9357. Accuracy: 0.5572
Epoch 8/10: Loss train : 0.8443342332656567
Loss val: 1.0612. Accuracy: 0.5547
Epoch 9/10: Loss train : 0.813891358100451
Loss val: 1.0275. Accuracy: 0.5535
---------------
Start training for model efficientnet_v2_s in fold 4/5:
Epoch 0/10: Loss train : 1.1471380614317381
Loss val: 1.2269. Accuracy: 0.3637
Best model found at epoch 0. Accuracy: 0.3637
Epoch 1/10: Loss train : 1.0524667684848492
Loss val: 1.0563. Accuracy: 0.4136
Best model found at epoch 1. Accuracy: 0.4136
Epoch 2/10: Loss train : 1.0402018542473133
Loss val: 5.0270. Accuracy: 0.4513
Best model found at epoch 2. Accuracy: 0.4513
Epoch 3/10: Loss train : 1.0199301953499134
Loss val: 1.0421. Accuracy: 0.3382
Epoch 4/10: Loss train : 1.026216298341751
Loss val: 1.0157. Accuracy: 0.4842
Best model found at epoch 4. Accuracy: 0.4842
Epoch 5/10: Loss train : 1.0118202521250799
Loss val: 1.0997. Accuracy: 0.4757
Epoch 6/10: Loss train : 1.020754323555873
Loss val: 1.0428. Accuracy: 0.4805
Epoch 7/10: Loss train : 1.0145647938434894
Loss val: 1.1052. Accuracy: 0.4757
Epoch 8/10: Loss train : 1.0163500286065614
Loss val: 1.0653. Accuracy: 0.4842
Epoch 9/10: Loss train : 1.0062413559510157
Loss val: 1.0642. Accuracy: 0.4805
---------------
Start training for model inception_v3 in fold 4/5:
Epoch 0/10: Loss train : 1.3129435892288501
Loss val: 26.8363. Accuracy: 0.4148
Best model found at epoch 0. Accuracy: 0.4148
Epoch 1/10: Loss train : 1.1102417959616735
Loss val: 1.5787. Accuracy: 0.4611
Best model found at epoch 1. Accuracy: 0.4611
Epoch 2/10: Loss train : 1.1892001789349775
Loss val: 9239.7843. Accuracy: 0.1764
Epoch 3/10: Loss train : 1.1118537210501158
Loss val: 1.1737. Accuracy: 0.4732
Best model found at epoch 3. Accuracy: 0.4732
Epoch 4/10: Loss train : 1.0797792443862329
Loss val: 5.4759. Accuracy: 0.4757
Best model found at epoch 4. Accuracy: 0.4757
Epoch 5/10: Loss train : 1.1088442366856794
Loss val: 1.1708. Accuracy: 0.3771
Epoch 6/10: Loss train : 1.0368664883650267
Loss val: 1.0856. Accuracy: 0.4161
Epoch 7/10: Loss train : 1.0811294408944936
Loss val: 2.4466. Accuracy: 0.4672
Epoch 8/10: Loss train : 1.039125612148872
Loss val: 3.8012. Accuracy: 0.4404
Epoch 9/10: Loss train : 1.0463663706412683
Loss val: 1.6811. Accuracy: 0.4720
---------------
Start training for model mobilenet_v2 in fold 4/5:
Epoch 0/10: Loss train : 1.4631123359386737
Loss val: 1.1858. Accuracy: 0.4757
Best model found at epoch 0. Accuracy: 0.4757
Epoch 1/10: Loss train : 0.9796840984087724
Loss val: 1.0668. Accuracy: 0.4976
Best model found at epoch 1. Accuracy: 0.4976
Epoch 2/10: Loss train : 0.9004333707002493
Loss val: 0.9539. Accuracy: 0.5426
Best model found at epoch 2. Accuracy: 0.5426
Epoch 3/10: Loss train : 0.8811317132069514
Loss val: 1.1541. Accuracy: 0.5049
Epoch 4/10: Loss train : 0.8665102995358981
Loss val: 1.3616. Accuracy: 0.3942
Epoch 5/10: Loss train : 0.8117904892334571
Loss val: 0.9881. Accuracy: 0.5827
Best model found at epoch 5. Accuracy: 0.5827
Epoch 6/10: Loss train : 0.7825575310450333
Loss val: 0.8905. Accuracy: 0.5925
Best model found at epoch 6. Accuracy: 0.5925
Epoch 7/10: Loss train : 0.7429128495546488
Loss val: 0.8588. Accuracy: 0.6168
Best model found at epoch 7. Accuracy: 0.6168
Epoch 8/10: Loss train : 0.7388986647129059
Loss val: 0.9742. Accuracy: 0.5864
Epoch 9/10: Loss train : 0.695618755542315
Loss val: 1.2652. Accuracy: 0.4732
---------------
Start training for model alexnet in fold 4/5:
Epoch 0/10: Loss train : 155286.3072318893
Loss val: 79.3372. Accuracy: 0.3662
Best model found at epoch 0. Accuracy: 0.3662
Epoch 1/10: Loss train : 39.56982365021339
Loss val: 1.1844. Accuracy: 0.4757
Best model found at epoch 1. Accuracy: 0.4757
Epoch 2/10: Loss train : 1.8778606836612408
Loss val: 1.0758. Accuracy: 0.4757
Epoch 3/10: Loss train : 1.0883041024208069
Loss val: 1.0712. Accuracy: 0.4757
Epoch 4/10: Loss train : 1.2003722351330977
Loss val: 1.0833. Accuracy: 0.4757
Epoch 5/10: Loss train : 1.0157862672438989
Loss val: 1.0795. Accuracy: 0.4757
Epoch 6/10: Loss train : 1.2441177001366248
Loss val: 1.0796. Accuracy: 0.4757
Epoch 7/10: Loss train : 1.0200821642692273
Loss val: 1.0757. Accuracy: 0.4757
Epoch 8/10: Loss train : 1.0153748920330634
Loss val: 1.0939. Accuracy: 0.4757
Epoch 9/10: Loss train : 1.0141490950034215
Loss val: 1.0787. Accuracy: 0.4757
---------------
Start training for model densenet121 in fold 4/5:
Epoch 0/10: Loss train : 1.3984861763624044
Loss val: 2.2681. Accuracy: 0.3491
Best model found at epoch 0. Accuracy: 0.3491
Epoch 1/10: Loss train : 1.0070238319727092
Loss val: 0.9821. Accuracy: 0.5268
Best model found at epoch 1. Accuracy: 0.5268
Epoch 2/10: Loss train : 0.9510346261354593
Loss val: 1.0063. Accuracy: 0.5572
Best model found at epoch 2. Accuracy: 0.5572
Epoch 3/10: Loss train : 0.9114482723749601
Loss val: 0.9439. Accuracy: 0.5462
Epoch 4/10: Loss train : 0.8955324567281283
Loss val: 1.0076. Accuracy: 0.5122
Epoch 5/10: Loss train : 0.8934415510067573
Loss val: 0.9648. Accuracy: 0.5547
Epoch 6/10: Loss train : 0.8750243370349591
Loss val: 1.2152. Accuracy: 0.4294
Epoch 7/10: Loss train : 0.8842733112665323
Loss val: 0.9819. Accuracy: 0.5852
Best model found at epoch 7. Accuracy: 0.5852
Epoch 8/10: Loss train : 0.8282314859903775
Loss val: 1.2151. Accuracy: 0.4136
Epoch 9/10: Loss train : 0.8295145951784574
Loss val: 0.8883. Accuracy: 0.6034
Best model found at epoch 9. Accuracy: 0.6034
---------------
Start training for model mobilenet_v3_large in fold 4/5:
Epoch 0/10: Loss train : 1.4314035589878376
Loss val: 1.6741. Accuracy: 0.1582
Best model found at epoch 0. Accuracy: 0.1582
Epoch 1/10: Loss train : 1.037161689538222
Loss val: 1.2050. Accuracy: 0.3662
Best model found at epoch 1. Accuracy: 0.3662
Epoch 2/10: Loss train : 1.0069531133541694
Loss val: 1.0942. Accuracy: 0.4757
Best model found at epoch 2. Accuracy: 0.4757
Epoch 3/10: Loss train : 0.9894650899446927
Loss val: 1.0758. Accuracy: 0.4757
Epoch 4/10: Loss train : 0.9358433255782495
Loss val: 1.3061. Accuracy: 0.3662
Epoch 5/10: Loss train : 0.9104396815483387
Loss val: 1.8565. Accuracy: 0.4757
Epoch 6/10: Loss train : 0.8766586299125965
Loss val: 1.2271. Accuracy: 0.3662
Epoch 7/10: Loss train : 0.8344132831463447
Loss val: 1.3651. Accuracy: 0.1582
Epoch 8/10: Loss train : 0.8674350954019107
Loss val: 1.2089. Accuracy: 0.1618
Epoch 9/10: Loss train : 0.8708161138571225
Loss val: 1.6794. Accuracy: 0.2932
---------------
Start training for model resnext50_32x4d in fold 4/5:
Epoch 0/10: Loss train : 2.172430240190946
Loss val: 3026.1355. Accuracy: 0.3978
Best model found at epoch 0. Accuracy: 0.3978
Epoch 1/10: Loss train : 1.0951968935819774
Loss val: 2.0700. Accuracy: 0.4769
Best model found at epoch 1. Accuracy: 0.4769
Epoch 2/10: Loss train : 1.0716203909653883
Loss val: 1.1212. Accuracy: 0.4818
Best model found at epoch 2. Accuracy: 0.4818
Epoch 3/10: Loss train : 1.0468259476698363
Loss val: 2.9807. Accuracy: 0.4550
Epoch 4/10: Loss train : 0.9831467408400315
Loss val: 0.9825. Accuracy: 0.5669
Best model found at epoch 4. Accuracy: 0.5669
Epoch 5/10: Loss train : 0.9435887038707733
Loss val: 1.0772. Accuracy: 0.5341
Epoch 6/10: Loss train : 0.9286870337449588
Loss val: 1.1454. Accuracy: 0.5170
Epoch 7/10: Loss train : 0.9672835698494544
Loss val: 0.9400. Accuracy: 0.5876
Best model found at epoch 7. Accuracy: 0.5876
Epoch 8/10: Loss train : 0.8869554629692664
Loss val: 1.0011. Accuracy: 0.5706
Epoch 9/10: Loss train : 0.8664942727639124
Loss val: 1.2862. Accuracy: 0.5706
---------------
Start training for model regnet_y_400mf in fold 4/5:
Epoch 0/10: Loss train : 1.5959383937028737
Loss val: 1.0842. Accuracy: 0.5012
Best model found at epoch 0. Accuracy: 0.5012
Epoch 1/10: Loss train : 1.029113164314857
Loss val: 8.7441. Accuracy: 0.4294
Epoch 2/10: Loss train : 0.9659079955174372
Loss val: 1.4657. Accuracy: 0.5243
Best model found at epoch 2. Accuracy: 0.5243
Epoch 3/10: Loss train : 0.8997467549947592
Loss val: 0.9745. Accuracy: 0.5791
Best model found at epoch 3. Accuracy: 0.5791
Epoch 4/10: Loss train : 0.8595964014530182
Loss val: 0.9142. Accuracy: 0.5864
Best model found at epoch 4. Accuracy: 0.5864
Epoch 5/10: Loss train : 0.8458201197477487
Loss val: 0.9160. Accuracy: 0.5900
Best model found at epoch 5. Accuracy: 0.5900
Epoch 6/10: Loss train : 0.8217237637593195
Loss val: 0.9134. Accuracy: 0.5925
Best model found at epoch 6. Accuracy: 0.5925
Epoch 7/10: Loss train : 0.7686661046284896
Loss val: 0.9851. Accuracy: 0.5693
Epoch 8/10: Loss train : 0.7738781479688791
Loss val: 1.6252. Accuracy: 0.4270
Epoch 9/10: Loss train : 0.7531977639748499
Loss val: 1.1131. Accuracy: 0.4757
---------------
Start training for model regnet_y_1_6gf in fold 4/5:
Epoch 0/10: Loss train : 1.212093697144435
Loss val: 1.1327. Accuracy: 0.4793
Best model found at epoch 0. Accuracy: 0.4793
Epoch 1/10: Loss train : 1.0163082801378691
Loss val: 31485.7314. Accuracy: 0.4745
Epoch 2/10: Loss train : 1.0011622538933387
Loss val: 1.0356. Accuracy: 0.4672
Epoch 3/10: Loss train : 0.9807425645681528
Loss val: 1.0327. Accuracy: 0.4367
Epoch 4/10: Loss train : 0.9733264171160184
Loss val: 0.9833. Accuracy: 0.5243
Best model found at epoch 4. Accuracy: 0.5243
Epoch 5/10: Loss train : 0.9459596024109767
Loss val: 23.6244. Accuracy: 0.4903
Epoch 6/10: Loss train : 0.9143801491994125
Loss val: 0.9081. Accuracy: 0.5706
Best model found at epoch 6. Accuracy: 0.5706
Epoch 7/10: Loss train : 0.859002594764416
Loss val: 0.9204. Accuracy: 0.5706
Epoch 8/10: Loss train : 0.8578070264596206
Loss val: 0.9611. Accuracy: 0.5657
Epoch 9/10: Loss train : 0.8195624695374415
Loss val: 0.9317. Accuracy: 0.5511
-----------------------------
Exit worker node
